<?xml version="1.0" encoding="UTF-8"?>
<!-- Generated by org.testng.reporters.JUnitReportReporter -->
<testsuite hostname="marten-VirtualBox" name="com.nackademin.marten_steimer_assignment02.AdvancedCalculatorTest" tests="5" failures="0" timestamp="15 Mar 2021 07:07:30 GMT" time="0.033" errors="0">
  <testcase name="testPowerOf" time="0.009" classname="com.nackademin.marten_steimer_assignment02.AdvancedCalculatorTest"/>
  <testcase name="testLogarithm" time="0.006" classname="com.nackademin.marten_steimer_assignment02.AdvancedCalculatorTest"/>
  <testcase name="testsquareRoot" time="0.004" classname="com.nackademin.marten_steimer_assignment02.AdvancedCalculatorTest"/>
  <testcase name="testabsoluteValue" time="0.008" classname="com.nackademin.marten_steimer_assignment02.AdvancedCalculatorTest"/>
  <testcase name="testSquare" time="0.006" classname="com.nackademin.marten_steimer_assignment02.AdvancedCalculatorTest"/>
</testsuite> <!-- com.nackademin.marten_steimer_assignment02.AdvancedCalculatorTest -->
