<?xml version="1.0" encoding="UTF-8"?>
<!-- Generated by org.testng.reporters.JUnitReportReporter -->
<testsuite hostname="marten-VirtualBox" name="com.nackademin.marten_steimer_assignment02.BasicCalculatorTest" tests="4" failures="0" timestamp="15 Mar 2021 07:07:30 GMT" time="0.104" errors="0">
  <testcase name="testSubtraction" time="0.011" classname="com.nackademin.marten_steimer_assignment02.BasicCalculatorTest"/>
  <testcase name="testAddition" time="0.029" classname="com.nackademin.marten_steimer_assignment02.BasicCalculatorTest"/>
  <testcase name="testMultiplication" time="0.043" classname="com.nackademin.marten_steimer_assignment02.BasicCalculatorTest"/>
  <testcase name="testDivision" time="0.021" classname="com.nackademin.marten_steimer_assignment02.BasicCalculatorTest"/>
</testsuite> <!-- com.nackademin.marten_steimer_assignment02.BasicCalculatorTest -->
